<?xml version="1.0" encoding="UTF-8"?>
<!-- Generated by org.testng.reporters.JUnitReportReporter -->
<testsuite skipped="0" hostname="DESKTOP-TCEHCUB" name="cucumberOptions.TestRunner" tests="1" failures="0" timestamp="2021-08-07T11:55:11 GMT+13:00" time="12.356" errors="0">
  <testcase name="feature" time="12.356" classname="cucumberOptions.TestRunner"/>
  <system-out/>
</testsuite> <!-- cucumberOptions.TestRunner -->
